{"timestamp": "2026-02-05 04:34:06,699", "level": "INFO", "worker": "Ittipongs-Mac-mini.local-89990", "event": "Starting OPAL Massing Engine Worker (Real Adapter)..."}
{"timestamp": "2026-02-05 04:34:06,699", "level": "INFO", "worker": "Ittipongs-Mac-mini.local-89990", "event": "Running crash recovery scan..."}
{"timestamp": "2026-02-05 04:34:06,699", "level": "INFO", "worker": "Ittipongs-Mac-mini.local-89990", "event": "No zombie jobs found."}
{"timestamp": "2026-02-05 04:34:06,699", "level": "INFO", "worker": "Ittipongs-Mac-mini.local-89990", "event": "Polling JobsDB at /Users/icmini/0luka/observability/jobs_db.json..."}
{"timestamp": "2026-02-05 04:34:10,716", "level": "INFO", "worker": "Ittipongs-Mac-mini.local-89990", "event": "Picked up job job_9d28bc7a5afb"}
{"timestamp": "2026-02-05 04:34:10,793", "level": "INFO", "worker": "Ittipongs-Mac-mini.local-89990", "event": "Job job_9d28bc7a5afb SUCCEEDED"}
{"timestamp": "2026-02-05 04:34:12,801", "level": "INFO", "worker": "Ittipongs-Mac-mini.local-89990", "event": "Picked up job job_4b79ac9e38bf"}
{"timestamp": "2026-02-05 04:34:12,879", "level": "INFO", "worker": "Ittipongs-Mac-mini.local-89990", "event": "Job job_4b79ac9e38bf SUCCEEDED"}
{"timestamp": "2026-02-05 04:34:14,887", "level": "INFO", "worker": "Ittipongs-Mac-mini.local-89990", "event": "Picked up job job_ca0150c68a48"}
{"timestamp": "2026-02-05 04:34:14,975", "level": "INFO", "worker": "Ittipongs-Mac-mini.local-89990", "event": "Job job_ca0150c68a48 SUCCEEDED"}
{"timestamp": "2026-02-05 04:34:14,975", "level": "INFO", "worker": "Ittipongs-Mac-mini.local-89990", "event": "Picked up job job_c443f33462d6"}
{"timestamp": "2026-02-05 04:34:15,043", "level": "INFO", "worker": "Ittipongs-Mac-mini.local-89990", "event": "Job job_c443f33462d6 SUCCEEDED"}
{"timestamp": "2026-02-05 04:37:17,866", "level": "INFO", "worker": "Ittipongs-Mac-mini.local-89990", "event": "GC: Deleting expired job job_old_123"}
{"timestamp": "2026-02-05 04:37:17,868", "level": "ERROR", "worker": "Ittipongs-Mac-mini.local-89990", "event": "Error in loop: type object 'JobsDB' has no attribute 'delete_job'"}
{"timestamp": "2026-02-05 04:40:41,798", "level": "INFO", "worker": "Ittipongs-Mac-mini.local-89990", "event": "GC: Deleting expired job job_old_123"}
{"timestamp": "2026-02-05 04:40:41,800", "level": "ERROR", "worker": "Ittipongs-Mac-mini.local-89990", "event": "Error in loop: type object 'JobsDB' has no attribute 'delete_job'"}
{"timestamp": "2026-02-05 04:44:05,727", "level": "INFO", "worker": "Ittipongs-Mac-mini.local-89990", "event": "GC: Deleting expired job job_old_123"}
{"timestamp": "2026-02-05 04:44:05,728", "level": "ERROR", "worker": "Ittipongs-Mac-mini.local-89990", "event": "Error in loop: type object 'JobsDB' has no attribute 'delete_job'"}
{"timestamp": "2026-02-05 04:47:29,658", "level": "INFO", "worker": "Ittipongs-Mac-mini.local-89990", "event": "GC: Deleting expired job job_old_123"}
{"timestamp": "2026-02-05 04:47:29,659", "level": "ERROR", "worker": "Ittipongs-Mac-mini.local-89990", "event": "Error in loop: type object 'JobsDB' has no attribute 'delete_job'"}
{"timestamp": "2026-02-05 04:50:53,534", "level": "INFO", "worker": "Ittipongs-Mac-mini.local-89990", "event": "GC: Deleting expired job job_old_123"}
{"timestamp": "2026-02-05 04:50:53,535", "level": "ERROR", "worker": "Ittipongs-Mac-mini.local-89990", "event": "Error in loop: type object 'JobsDB' has no attribute 'delete_job'"}
{"timestamp": "2026-02-05 04:54:17,471", "level": "INFO", "worker": "Ittipongs-Mac-mini.local-89990", "event": "GC: Deleting expired job job_old_123"}
{"timestamp": "2026-02-05 04:54:17,472", "level": "ERROR", "worker": "Ittipongs-Mac-mini.local-89990", "event": "Error in loop: type object 'JobsDB' has no attribute 'delete_job'"}
{"timestamp": "2026-02-05 04:57:41,415", "level": "INFO", "worker": "Ittipongs-Mac-mini.local-89990", "event": "GC: Deleting expired job job_old_123"}
{"timestamp": "2026-02-05 04:57:41,415", "level": "ERROR", "worker": "Ittipongs-Mac-mini.local-89990", "event": "Error in loop: type object 'JobsDB' has no attribute 'delete_job'"}
{"timestamp": "2026-02-05 05:01:05,301", "level": "INFO", "worker": "Ittipongs-Mac-mini.local-89990", "event": "GC: Deleting expired job job_old_123"}
{"timestamp": "2026-02-05 05:01:05,302", "level": "ERROR", "worker": "Ittipongs-Mac-mini.local-89990", "event": "Error in loop: type object 'JobsDB' has no attribute 'delete_job'"}
{"timestamp": "2026-02-05 05:04:29,227", "level": "INFO", "worker": "Ittipongs-Mac-mini.local-89990", "event": "GC: Deleting expired job job_old_123"}
{"timestamp": "2026-02-05 05:04:29,228", "level": "ERROR", "worker": "Ittipongs-Mac-mini.local-89990", "event": "Error in loop: type object 'JobsDB' has no attribute 'delete_job'"}
{"timestamp": "2026-02-05 05:07:53,086", "level": "INFO", "worker": "Ittipongs-Mac-mini.local-89990", "event": "GC: Deleting expired job job_old_123"}
{"timestamp": "2026-02-05 05:07:53,087", "level": "ERROR", "worker": "Ittipongs-Mac-mini.local-89990", "event": "Error in loop: type object 'JobsDB' has no attribute 'delete_job'"}
{"timestamp": "2026-02-05 05:11:17,014", "level": "INFO", "worker": "Ittipongs-Mac-mini.local-89990", "event": "GC: Deleting expired job job_old_123"}
{"timestamp": "2026-02-05 05:11:17,015", "level": "ERROR", "worker": "Ittipongs-Mac-mini.local-89990", "event": "Error in loop: type object 'JobsDB' has no attribute 'delete_job'"}
{"timestamp": "2026-02-05 05:14:40,955", "level": "INFO", "worker": "Ittipongs-Mac-mini.local-89990", "event": "GC: Deleting expired job job_old_123"}
{"timestamp": "2026-02-05 05:14:40,957", "level": "ERROR", "worker": "Ittipongs-Mac-mini.local-89990", "event": "Error in loop: type object 'JobsDB' has no attribute 'delete_job'"}
{"timestamp": "2026-02-05 05:18:04,847", "level": "INFO", "worker": "Ittipongs-Mac-mini.local-89990", "event": "GC: Deleting expired job job_old_123"}
{"timestamp": "2026-02-05 05:18:04,849", "level": "ERROR", "worker": "Ittipongs-Mac-mini.local-89990", "event": "Error in loop: type object 'JobsDB' has no attribute 'delete_job'"}
{"timestamp": "2026-02-05 05:21:28,802", "level": "INFO", "worker": "Ittipongs-Mac-mini.local-89990", "event": "GC: Deleting expired job job_old_123"}
{"timestamp": "2026-02-05 05:21:28,803", "level": "ERROR", "worker": "Ittipongs-Mac-mini.local-89990", "event": "Error in loop: type object 'JobsDB' has no attribute 'delete_job'"}
{"timestamp": "2026-02-05 05:24:52,713", "level": "INFO", "worker": "Ittipongs-Mac-mini.local-89990", "event": "GC: Deleting expired job job_old_123"}
{"timestamp": "2026-02-05 05:24:52,714", "level": "ERROR", "worker": "Ittipongs-Mac-mini.local-89990", "event": "Error in loop: type object 'JobsDB' has no attribute 'delete_job'"}
{"timestamp": "2026-02-05 05:28:16,627", "level": "INFO", "worker": "Ittipongs-Mac-mini.local-89990", "event": "GC: Deleting expired job job_old_123"}
{"timestamp": "2026-02-05 05:28:16,632", "level": "ERROR", "worker": "Ittipongs-Mac-mini.local-89990", "event": "Error in loop: type object 'JobsDB' has no attribute 'delete_job'"}
{"timestamp": "2026-02-05 05:31:40,560", "level": "INFO", "worker": "Ittipongs-Mac-mini.local-89990", "event": "GC: Deleting expired job job_old_123"}
{"timestamp": "2026-02-05 05:31:40,563", "level": "ERROR", "worker": "Ittipongs-Mac-mini.local-89990", "event": "Error in loop: type object 'JobsDB' has no attribute 'delete_job'"}
{"timestamp": "2026-02-05 05:35:04,421", "level": "INFO", "worker": "Ittipongs-Mac-mini.local-89990", "event": "GC: Deleting expired job job_old_123"}
{"timestamp": "2026-02-05 05:35:04,422", "level": "ERROR", "worker": "Ittipongs-Mac-mini.local-89990", "event": "Error in loop: type object 'JobsDB' has no attribute 'delete_job'"}
{"timestamp": "2026-02-05 05:38:28,310", "level": "INFO", "worker": "Ittipongs-Mac-mini.local-89990", "event": "GC: Deleting expired job job_old_123"}
{"timestamp": "2026-02-05 05:38:28,311", "level": "ERROR", "worker": "Ittipongs-Mac-mini.local-89990", "event": "Error in loop: type object 'JobsDB' has no attribute 'delete_job'"}
{"timestamp": "2026-02-05 05:41:52,159", "level": "INFO", "worker": "Ittipongs-Mac-mini.local-89990", "event": "GC: Deleting expired job job_old_123"}
{"timestamp": "2026-02-05 05:41:52,160", "level": "ERROR", "worker": "Ittipongs-Mac-mini.local-89990", "event": "Error in loop: type object 'JobsDB' has no attribute 'delete_job'"}
{"timestamp": "2026-02-05 05:45:16,080", "level": "INFO", "worker": "Ittipongs-Mac-mini.local-89990", "event": "GC: Deleting expired job job_old_123"}
{"timestamp": "2026-02-05 05:45:16,080", "level": "ERROR", "worker": "Ittipongs-Mac-mini.local-89990", "event": "Error in loop: type object 'JobsDB' has no attribute 'delete_job'"}
{"timestamp": "2026-02-05 05:48:39,988", "level": "INFO", "worker": "Ittipongs-Mac-mini.local-89990", "event": "GC: Deleting expired job job_old_123"}
{"timestamp": "2026-02-05 05:48:39,989", "level": "ERROR", "worker": "Ittipongs-Mac-mini.local-89990", "event": "Error in loop: type object 'JobsDB' has no attribute 'delete_job'"}
{"timestamp": "2026-02-05 05:52:03,823", "level": "INFO", "worker": "Ittipongs-Mac-mini.local-89990", "event": "GC: Deleting expired job job_old_123"}
{"timestamp": "2026-02-05 05:52:03,824", "level": "ERROR", "worker": "Ittipongs-Mac-mini.local-89990", "event": "Error in loop: type object 'JobsDB' has no attribute 'delete_job'"}
{"timestamp": "2026-02-05 05:55:27,689", "level": "INFO", "worker": "Ittipongs-Mac-mini.local-89990", "event": "GC: Deleting expired job job_old_123"}
{"timestamp": "2026-02-05 05:55:27,690", "level": "ERROR", "worker": "Ittipongs-Mac-mini.local-89990", "event": "Error in loop: type object 'JobsDB' has no attribute 'delete_job'"}
{"timestamp": "2026-02-05 05:58:51,541", "level": "INFO", "worker": "Ittipongs-Mac-mini.local-89990", "event": "GC: Deleting expired job job_old_123"}
{"timestamp": "2026-02-05 05:58:51,543", "level": "ERROR", "worker": "Ittipongs-Mac-mini.local-89990", "event": "Error in loop: type object 'JobsDB' has no attribute 'delete_job'"}
{"timestamp": "2026-02-05 06:02:15,458", "level": "INFO", "worker": "Ittipongs-Mac-mini.local-89990", "event": "GC: Deleting expired job job_old_123"}
{"timestamp": "2026-02-05 06:02:15,459", "level": "ERROR", "worker": "Ittipongs-Mac-mini.local-89990", "event": "Error in loop: type object 'JobsDB' has no attribute 'delete_job'"}
{"timestamp": "2026-02-05 06:05:39,323", "level": "INFO", "worker": "Ittipongs-Mac-mini.local-89990", "event": "GC: Deleting expired job job_old_123"}
{"timestamp": "2026-02-05 06:05:39,325", "level": "ERROR", "worker": "Ittipongs-Mac-mini.local-89990", "event": "Error in loop: type object 'JobsDB' has no attribute 'delete_job'"}
{"timestamp": "2026-02-05 06:09:03,260", "level": "INFO", "worker": "Ittipongs-Mac-mini.local-89990", "event": "GC: Deleting expired job job_old_123"}
{"timestamp": "2026-02-05 06:09:03,261", "level": "ERROR", "worker": "Ittipongs-Mac-mini.local-89990", "event": "Error in loop: type object 'JobsDB' has no attribute 'delete_job'"}
{"timestamp": "2026-02-05 06:12:27,146", "level": "INFO", "worker": "Ittipongs-Mac-mini.local-89990", "event": "GC: Deleting expired job job_old_123"}
{"timestamp": "2026-02-05 06:12:27,147", "level": "ERROR", "worker": "Ittipongs-Mac-mini.local-89990", "event": "Error in loop: type object 'JobsDB' has no attribute 'delete_job'"}
{"timestamp": "2026-02-05 06:15:51,013", "level": "INFO", "worker": "Ittipongs-Mac-mini.local-89990", "event": "GC: Deleting expired job job_old_123"}
{"timestamp": "2026-02-05 06:15:51,013", "level": "ERROR", "worker": "Ittipongs-Mac-mini.local-89990", "event": "Error in loop: type object 'JobsDB' has no attribute 'delete_job'"}
{"timestamp": "2026-02-05 06:19:14,963", "level": "INFO", "worker": "Ittipongs-Mac-mini.local-89990", "event": "GC: Deleting expired job job_old_123"}
{"timestamp": "2026-02-05 06:19:14,964", "level": "ERROR", "worker": "Ittipongs-Mac-mini.local-89990", "event": "Error in loop: type object 'JobsDB' has no attribute 'delete_job'"}
{"timestamp": "2026-02-05 06:22:38,866", "level": "INFO", "worker": "Ittipongs-Mac-mini.local-89990", "event": "GC: Deleting expired job job_old_123"}
{"timestamp": "2026-02-05 06:22:38,869", "level": "ERROR", "worker": "Ittipongs-Mac-mini.local-89990", "event": "Error in loop: type object 'JobsDB' has no attribute 'delete_job'"}
{"timestamp": "2026-02-05 06:26:02,743", "level": "INFO", "worker": "Ittipongs-Mac-mini.local-89990", "event": "GC: Deleting expired job job_old_123"}
{"timestamp": "2026-02-05 06:26:02,748", "level": "ERROR", "worker": "Ittipongs-Mac-mini.local-89990", "event": "Error in loop: type object 'JobsDB' has no attribute 'delete_job'"}
{"timestamp": "2026-02-05 06:29:26,683", "level": "INFO", "worker": "Ittipongs-Mac-mini.local-89990", "event": "GC: Deleting expired job job_old_123"}
{"timestamp": "2026-02-05 06:29:26,686", "level": "ERROR", "worker": "Ittipongs-Mac-mini.local-89990", "event": "Error in loop: type object 'JobsDB' has no attribute 'delete_job'"}
{"timestamp": "2026-02-05 06:32:51,826", "level": "INFO", "worker": "Ittipongs-Mac-mini.local-89990", "event": "GC: Deleting expired job job_old_123"}
{"timestamp": "2026-02-05 06:32:51,828", "level": "ERROR", "worker": "Ittipongs-Mac-mini.local-89990", "event": "Error in loop: type object 'JobsDB' has no attribute 'delete_job'"}
{"timestamp": "2026-02-05 06:36:15,812", "level": "INFO", "worker": "Ittipongs-Mac-mini.local-89990", "event": "GC: Deleting expired job job_old_123"}
{"timestamp": "2026-02-05 06:36:15,813", "level": "ERROR", "worker": "Ittipongs-Mac-mini.local-89990", "event": "Error in loop: type object 'JobsDB' has no attribute 'delete_job'"}
{"timestamp": "2026-02-05 06:39:39,731", "level": "INFO", "worker": "Ittipongs-Mac-mini.local-89990", "event": "GC: Deleting expired job job_old_123"}
{"timestamp": "2026-02-05 06:39:39,732", "level": "ERROR", "worker": "Ittipongs-Mac-mini.local-89990", "event": "Error in loop: type object 'JobsDB' has no attribute 'delete_job'"}
{"timestamp": "2026-02-05 06:43:03,624", "level": "INFO", "worker": "Ittipongs-Mac-mini.local-89990", "event": "GC: Deleting expired job job_old_123"}
{"timestamp": "2026-02-05 06:43:03,626", "level": "ERROR", "worker": "Ittipongs-Mac-mini.local-89990", "event": "Error in loop: type object 'JobsDB' has no attribute 'delete_job'"}
{"timestamp": "2026-02-05 06:46:27,486", "level": "INFO", "worker": "Ittipongs-Mac-mini.local-89990", "event": "GC: Deleting expired job job_old_123"}
{"timestamp": "2026-02-05 06:46:27,487", "level": "ERROR", "worker": "Ittipongs-Mac-mini.local-89990", "event": "Error in loop: type object 'JobsDB' has no attribute 'delete_job'"}
{"timestamp": "2026-02-05 06:49:51,385", "level": "INFO", "worker": "Ittipongs-Mac-mini.local-89990", "event": "GC: Deleting expired job job_old_123"}
{"timestamp": "2026-02-05 06:49:51,385", "level": "ERROR", "worker": "Ittipongs-Mac-mini.local-89990", "event": "Error in loop: type object 'JobsDB' has no attribute 'delete_job'"}
{"timestamp": "2026-02-05 06:53:15,347", "level": "INFO", "worker": "Ittipongs-Mac-mini.local-89990", "event": "GC: Deleting expired job job_old_123"}
{"timestamp": "2026-02-05 06:53:15,349", "level": "ERROR", "worker": "Ittipongs-Mac-mini.local-89990", "event": "Error in loop: type object 'JobsDB' has no attribute 'delete_job'"}
{"timestamp": "2026-02-05 06:56:39,304", "level": "INFO", "worker": "Ittipongs-Mac-mini.local-89990", "event": "GC: Deleting expired job job_old_123"}
{"timestamp": "2026-02-05 06:56:39,305", "level": "ERROR", "worker": "Ittipongs-Mac-mini.local-89990", "event": "Error in loop: type object 'JobsDB' has no attribute 'delete_job'"}
{"timestamp": "2026-02-05 07:00:03,174", "level": "INFO", "worker": "Ittipongs-Mac-mini.local-89990", "event": "GC: Deleting expired job job_old_123"}
{"timestamp": "2026-02-05 07:00:03,175", "level": "ERROR", "worker": "Ittipongs-Mac-mini.local-89990", "event": "Error in loop: type object 'JobsDB' has no attribute 'delete_job'"}
{"timestamp": "2026-02-05 07:03:27,098", "level": "INFO", "worker": "Ittipongs-Mac-mini.local-89990", "event": "GC: Deleting expired job job_old_123"}
{"timestamp": "2026-02-05 07:03:27,100", "level": "ERROR", "worker": "Ittipongs-Mac-mini.local-89990", "event": "Error in loop: type object 'JobsDB' has no attribute 'delete_job'"}
{"timestamp": "2026-02-05 07:06:51,015", "level": "INFO", "worker": "Ittipongs-Mac-mini.local-89990", "event": "GC: Deleting expired job job_old_123"}
{"timestamp": "2026-02-05 07:06:51,016", "level": "ERROR", "worker": "Ittipongs-Mac-mini.local-89990", "event": "Error in loop: type object 'JobsDB' has no attribute 'delete_job'"}
{"timestamp": "2026-02-05 07:10:14,970", "level": "INFO", "worker": "Ittipongs-Mac-mini.local-89990", "event": "GC: Deleting expired job job_old_123"}
{"timestamp": "2026-02-05 07:10:14,972", "level": "ERROR", "worker": "Ittipongs-Mac-mini.local-89990", "event": "Error in loop: type object 'JobsDB' has no attribute 'delete_job'"}
{"timestamp": "2026-02-05 07:13:38,868", "level": "INFO", "worker": "Ittipongs-Mac-mini.local-89990", "event": "GC: Deleting expired job job_old_123"}
{"timestamp": "2026-02-05 07:13:38,870", "level": "ERROR", "worker": "Ittipongs-Mac-mini.local-89990", "event": "Error in loop: type object 'JobsDB' has no attribute 'delete_job'"}
{"timestamp": "2026-02-05 07:17:02,713", "level": "INFO", "worker": "Ittipongs-Mac-mini.local-89990", "event": "GC: Deleting expired job job_old_123"}
{"timestamp": "2026-02-05 07:17:02,715", "level": "ERROR", "worker": "Ittipongs-Mac-mini.local-89990", "event": "Error in loop: type object 'JobsDB' has no attribute 'delete_job'"}
{"timestamp": "2026-02-05 07:20:26,529", "level": "INFO", "worker": "Ittipongs-Mac-mini.local-89990", "event": "GC: Deleting expired job job_old_123"}
{"timestamp": "2026-02-05 07:20:26,530", "level": "ERROR", "worker": "Ittipongs-Mac-mini.local-89990", "event": "Error in loop: type object 'JobsDB' has no attribute 'delete_job'"}
{"timestamp": "2026-02-05 07:23:50,482", "level": "INFO", "worker": "Ittipongs-Mac-mini.local-89990", "event": "GC: Deleting expired job job_old_123"}
{"timestamp": "2026-02-05 07:23:50,483", "level": "ERROR", "worker": "Ittipongs-Mac-mini.local-89990", "event": "Error in loop: type object 'JobsDB' has no attribute 'delete_job'"}
{"timestamp": "2026-02-05 07:27:14,391", "level": "INFO", "worker": "Ittipongs-Mac-mini.local-89990", "event": "GC: Deleting expired job job_old_123"}
{"timestamp": "2026-02-05 07:27:14,392", "level": "ERROR", "worker": "Ittipongs-Mac-mini.local-89990", "event": "Error in loop: type object 'JobsDB' has no attribute 'delete_job'"}
{"timestamp": "2026-02-05 07:30:38,222", "level": "INFO", "worker": "Ittipongs-Mac-mini.local-89990", "event": "GC: Deleting expired job job_old_123"}
{"timestamp": "2026-02-05 07:30:38,223", "level": "ERROR", "worker": "Ittipongs-Mac-mini.local-89990", "event": "Error in loop: type object 'JobsDB' has no attribute 'delete_job'"}
{"timestamp": "2026-02-05 07:34:02,160", "level": "INFO", "worker": "Ittipongs-Mac-mini.local-89990", "event": "GC: Deleting expired job job_old_123"}
{"timestamp": "2026-02-05 07:34:02,161", "level": "ERROR", "worker": "Ittipongs-Mac-mini.local-89990", "event": "Error in loop: type object 'JobsDB' has no attribute 'delete_job'"}
{"timestamp": "2026-02-05 07:37:26,002", "level": "INFO", "worker": "Ittipongs-Mac-mini.local-89990", "event": "GC: Deleting expired job job_old_123"}
{"timestamp": "2026-02-05 07:37:26,003", "level": "ERROR", "worker": "Ittipongs-Mac-mini.local-89990", "event": "Error in loop: type object 'JobsDB' has no attribute 'delete_job'"}
{"timestamp": "2026-02-05 07:40:49,902", "level": "INFO", "worker": "Ittipongs-Mac-mini.local-89990", "event": "GC: Deleting expired job job_old_123"}
{"timestamp": "2026-02-05 07:40:49,904", "level": "ERROR", "worker": "Ittipongs-Mac-mini.local-89990", "event": "Error in loop: type object 'JobsDB' has no attribute 'delete_job'"}
{"timestamp": "2026-02-05 07:44:13,844", "level": "INFO", "worker": "Ittipongs-Mac-mini.local-89990", "event": "GC: Deleting expired job job_old_123"}
{"timestamp": "2026-02-05 07:44:13,846", "level": "ERROR", "worker": "Ittipongs-Mac-mini.local-89990", "event": "Error in loop: type object 'JobsDB' has no attribute 'delete_job'"}
{"timestamp": "2026-02-05 07:47:37,782", "level": "INFO", "worker": "Ittipongs-Mac-mini.local-89990", "event": "GC: Deleting expired job job_old_123"}
{"timestamp": "2026-02-05 07:47:37,784", "level": "ERROR", "worker": "Ittipongs-Mac-mini.local-89990", "event": "Error in loop: type object 'JobsDB' has no attribute 'delete_job'"}
{"timestamp": "2026-02-05 07:51:01,675", "level": "INFO", "worker": "Ittipongs-Mac-mini.local-89990", "event": "GC: Deleting expired job job_old_123"}
{"timestamp": "2026-02-05 07:51:01,676", "level": "ERROR", "worker": "Ittipongs-Mac-mini.local-89990", "event": "Error in loop: type object 'JobsDB' has no attribute 'delete_job'"}
{"timestamp": "2026-02-05 07:54:25,557", "level": "INFO", "worker": "Ittipongs-Mac-mini.local-89990", "event": "GC: Deleting expired job job_old_123"}
{"timestamp": "2026-02-05 07:54:25,558", "level": "ERROR", "worker": "Ittipongs-Mac-mini.local-89990", "event": "Error in loop: type object 'JobsDB' has no attribute 'delete_job'"}
{"timestamp": "2026-02-05 07:57:49,438", "level": "INFO", "worker": "Ittipongs-Mac-mini.local-89990", "event": "GC: Deleting expired job job_old_123"}
{"timestamp": "2026-02-05 07:57:49,440", "level": "ERROR", "worker": "Ittipongs-Mac-mini.local-89990", "event": "Error in loop: type object 'JobsDB' has no attribute 'delete_job'"}
{"timestamp": "2026-02-05 08:01:13,347", "level": "INFO", "worker": "Ittipongs-Mac-mini.local-89990", "event": "GC: Deleting expired job job_old_123"}
{"timestamp": "2026-02-05 08:01:13,349", "level": "ERROR", "worker": "Ittipongs-Mac-mini.local-89990", "event": "Error in loop: type object 'JobsDB' has no attribute 'delete_job'"}
{"timestamp": "2026-02-05 08:04:37,179", "level": "INFO", "worker": "Ittipongs-Mac-mini.local-89990", "event": "GC: Deleting expired job job_old_123"}
{"timestamp": "2026-02-05 08:04:37,180", "level": "ERROR", "worker": "Ittipongs-Mac-mini.local-89990", "event": "Error in loop: type object 'JobsDB' has no attribute 'delete_job'"}
{"timestamp": "2026-02-05 08:08:00,946", "level": "INFO", "worker": "Ittipongs-Mac-mini.local-89990", "event": "GC: Deleting expired job job_old_123"}
{"timestamp": "2026-02-05 08:08:00,946", "level": "ERROR", "worker": "Ittipongs-Mac-mini.local-89990", "event": "Error in loop: type object 'JobsDB' has no attribute 'delete_job'"}
{"timestamp": "2026-02-05 08:11:24,963", "level": "INFO", "worker": "Ittipongs-Mac-mini.local-89990", "event": "GC: Deleting expired job job_old_123"}
{"timestamp": "2026-02-05 08:11:24,964", "level": "ERROR", "worker": "Ittipongs-Mac-mini.local-89990", "event": "Error in loop: type object 'JobsDB' has no attribute 'delete_job'"}
{"timestamp": "2026-02-05 08:14:48,847", "level": "INFO", "worker": "Ittipongs-Mac-mini.local-89990", "event": "GC: Deleting expired job job_old_123"}
{"timestamp": "2026-02-05 08:14:48,848", "level": "ERROR", "worker": "Ittipongs-Mac-mini.local-89990", "event": "Error in loop: type object 'JobsDB' has no attribute 'delete_job'"}
{"timestamp": "2026-02-05 08:18:12,765", "level": "INFO", "worker": "Ittipongs-Mac-mini.local-89990", "event": "GC: Deleting expired job job_old_123"}
{"timestamp": "2026-02-05 08:18:12,766", "level": "ERROR", "worker": "Ittipongs-Mac-mini.local-89990", "event": "Error in loop: type object 'JobsDB' has no attribute 'delete_job'"}
{"timestamp": "2026-02-05 08:21:36,650", "level": "INFO", "worker": "Ittipongs-Mac-mini.local-89990", "event": "GC: Deleting expired job job_old_123"}
{"timestamp": "2026-02-05 08:21:36,651", "level": "ERROR", "worker": "Ittipongs-Mac-mini.local-89990", "event": "Error in loop: type object 'JobsDB' has no attribute 'delete_job'"}
{"timestamp": "2026-02-05 08:25:00,520", "level": "INFO", "worker": "Ittipongs-Mac-mini.local-89990", "event": "GC: Deleting expired job job_old_123"}
{"timestamp": "2026-02-05 08:25:00,522", "level": "ERROR", "worker": "Ittipongs-Mac-mini.local-89990", "event": "Error in loop: type object 'JobsDB' has no attribute 'delete_job'"}
{"timestamp": "2026-02-05 08:28:24,409", "level": "INFO", "worker": "Ittipongs-Mac-mini.local-89990", "event": "GC: Deleting expired job job_old_123"}
{"timestamp": "2026-02-05 08:28:24,410", "level": "ERROR", "worker": "Ittipongs-Mac-mini.local-89990", "event": "Error in loop: type object 'JobsDB' has no attribute 'delete_job'"}
{"timestamp": "2026-02-05 08:31:48,303", "level": "INFO", "worker": "Ittipongs-Mac-mini.local-89990", "event": "GC: Deleting expired job job_old_123"}
{"timestamp": "2026-02-05 08:31:48,304", "level": "ERROR", "worker": "Ittipongs-Mac-mini.local-89990", "event": "Error in loop: type object 'JobsDB' has no attribute 'delete_job'"}
{"timestamp": "2026-02-05 08:35:12,194", "level": "INFO", "worker": "Ittipongs-Mac-mini.local-89990", "event": "GC: Deleting expired job job_old_123"}
{"timestamp": "2026-02-05 08:35:12,195", "level": "ERROR", "worker": "Ittipongs-Mac-mini.local-89990", "event": "Error in loop: type object 'JobsDB' has no attribute 'delete_job'"}
{"timestamp": "2026-02-05 08:38:36,054", "level": "INFO", "worker": "Ittipongs-Mac-mini.local-89990", "event": "GC: Deleting expired job job_old_123"}
{"timestamp": "2026-02-05 08:38:36,055", "level": "ERROR", "worker": "Ittipongs-Mac-mini.local-89990", "event": "Error in loop: type object 'JobsDB' has no attribute 'delete_job'"}
{"timestamp": "2026-02-05 08:41:59,925", "level": "INFO", "worker": "Ittipongs-Mac-mini.local-89990", "event": "GC: Deleting expired job job_old_123"}
{"timestamp": "2026-02-05 08:41:59,926", "level": "ERROR", "worker": "Ittipongs-Mac-mini.local-89990", "event": "Error in loop: type object 'JobsDB' has no attribute 'delete_job'"}
{"timestamp": "2026-02-05 08:45:23,730", "level": "INFO", "worker": "Ittipongs-Mac-mini.local-89990", "event": "GC: Deleting expired job job_old_123"}
{"timestamp": "2026-02-05 08:45:23,732", "level": "ERROR", "worker": "Ittipongs-Mac-mini.local-89990", "event": "Error in loop: type object 'JobsDB' has no attribute 'delete_job'"}
{"timestamp": "2026-02-05 08:48:47,636", "level": "INFO", "worker": "Ittipongs-Mac-mini.local-89990", "event": "GC: Deleting expired job job_old_123"}
{"timestamp": "2026-02-05 08:48:47,637", "level": "ERROR", "worker": "Ittipongs-Mac-mini.local-89990", "event": "Error in loop: type object 'JobsDB' has no attribute 'delete_job'"}
{"timestamp": "2026-02-05 08:52:11,461", "level": "INFO", "worker": "Ittipongs-Mac-mini.local-89990", "event": "GC: Deleting expired job job_old_123"}
{"timestamp": "2026-02-05 08:52:11,463", "level": "ERROR", "worker": "Ittipongs-Mac-mini.local-89990", "event": "Error in loop: type object 'JobsDB' has no attribute 'delete_job'"}
{"timestamp": "2026-02-05 08:55:35,336", "level": "INFO", "worker": "Ittipongs-Mac-mini.local-89990", "event": "GC: Deleting expired job job_old_123"}
{"timestamp": "2026-02-05 08:55:35,340", "level": "ERROR", "worker": "Ittipongs-Mac-mini.local-89990", "event": "Error in loop: type object 'JobsDB' has no attribute 'delete_job'"}
{"timestamp": "2026-02-05 08:58:59,210", "level": "INFO", "worker": "Ittipongs-Mac-mini.local-89990", "event": "GC: Deleting expired job job_old_123"}
{"timestamp": "2026-02-05 08:58:59,212", "level": "ERROR", "worker": "Ittipongs-Mac-mini.local-89990", "event": "Error in loop: type object 'JobsDB' has no attribute 'delete_job'"}
{"timestamp": "2026-02-05 09:02:23,174", "level": "INFO", "worker": "Ittipongs-Mac-mini.local-89990", "event": "GC: Deleting expired job job_old_123"}
{"timestamp": "2026-02-05 09:02:23,176", "level": "ERROR", "worker": "Ittipongs-Mac-mini.local-89990", "event": "Error in loop: type object 'JobsDB' has no attribute 'delete_job'"}
{"timestamp": "2026-02-05 09:05:47,036", "level": "INFO", "worker": "Ittipongs-Mac-mini.local-89990", "event": "GC: Deleting expired job job_old_123"}
{"timestamp": "2026-02-05 09:05:47,038", "level": "ERROR", "worker": "Ittipongs-Mac-mini.local-89990", "event": "Error in loop: type object 'JobsDB' has no attribute 'delete_job'"}
{"timestamp": "2026-02-05 09:09:10,934", "level": "INFO", "worker": "Ittipongs-Mac-mini.local-89990", "event": "GC: Deleting expired job job_old_123"}
{"timestamp": "2026-02-05 09:09:10,936", "level": "ERROR", "worker": "Ittipongs-Mac-mini.local-89990", "event": "Error in loop: type object 'JobsDB' has no attribute 'delete_job'"}
{"timestamp": "2026-02-05 09:12:34,843", "level": "INFO", "worker": "Ittipongs-Mac-mini.local-89990", "event": "GC: Deleting expired job job_old_123"}
{"timestamp": "2026-02-05 09:12:34,848", "level": "ERROR", "worker": "Ittipongs-Mac-mini.local-89990", "event": "Error in loop: type object 'JobsDB' has no attribute 'delete_job'"}
{"timestamp": "2026-02-05 09:15:58,728", "level": "INFO", "worker": "Ittipongs-Mac-mini.local-89990", "event": "GC: Deleting expired job job_old_123"}
{"timestamp": "2026-02-05 09:15:58,729", "level": "ERROR", "worker": "Ittipongs-Mac-mini.local-89990", "event": "Error in loop: type object 'JobsDB' has no attribute 'delete_job'"}
{"timestamp": "2026-02-05 09:19:22,600", "level": "INFO", "worker": "Ittipongs-Mac-mini.local-89990", "event": "GC: Deleting expired job job_old_123"}
{"timestamp": "2026-02-05 09:19:22,604", "level": "ERROR", "worker": "Ittipongs-Mac-mini.local-89990", "event": "Error in loop: type object 'JobsDB' has no attribute 'delete_job'"}
{"timestamp": "2026-02-05 09:22:46,518", "level": "INFO", "worker": "Ittipongs-Mac-mini.local-89990", "event": "GC: Deleting expired job job_old_123"}
{"timestamp": "2026-02-05 09:22:46,520", "level": "ERROR", "worker": "Ittipongs-Mac-mini.local-89990", "event": "Error in loop: type object 'JobsDB' has no attribute 'delete_job'"}
{"timestamp": "2026-02-05 09:26:10,401", "level": "INFO", "worker": "Ittipongs-Mac-mini.local-89990", "event": "GC: Deleting expired job job_old_123"}
{"timestamp": "2026-02-05 09:26:10,402", "level": "ERROR", "worker": "Ittipongs-Mac-mini.local-89990", "event": "Error in loop: type object 'JobsDB' has no attribute 'delete_job'"}
{"timestamp": "2026-02-05 09:29:34,334", "level": "INFO", "worker": "Ittipongs-Mac-mini.local-89990", "event": "GC: Deleting expired job job_old_123"}
{"timestamp": "2026-02-05 09:29:34,335", "level": "ERROR", "worker": "Ittipongs-Mac-mini.local-89990", "event": "Error in loop: type object 'JobsDB' has no attribute 'delete_job'"}
{"timestamp": "2026-02-05 09:32:58,239", "level": "INFO", "worker": "Ittipongs-Mac-mini.local-89990", "event": "GC: Deleting expired job job_old_123"}
{"timestamp": "2026-02-05 09:32:58,241", "level": "ERROR", "worker": "Ittipongs-Mac-mini.local-89990", "event": "Error in loop: type object 'JobsDB' has no attribute 'delete_job'"}
{"timestamp": "2026-02-05 09:36:22,074", "level": "INFO", "worker": "Ittipongs-Mac-mini.local-89990", "event": "GC: Deleting expired job job_old_123"}
{"timestamp": "2026-02-05 09:36:22,076", "level": "ERROR", "worker": "Ittipongs-Mac-mini.local-89990", "event": "Error in loop: type object 'JobsDB' has no attribute 'delete_job'"}
{"timestamp": "2026-02-05 09:39:45,588", "level": "INFO", "worker": "Ittipongs-Mac-mini.local-89990", "event": "GC: Deleting expired job job_old_123"}
{"timestamp": "2026-02-05 09:39:45,591", "level": "ERROR", "worker": "Ittipongs-Mac-mini.local-89990", "event": "Error in loop: type object 'JobsDB' has no attribute 'delete_job'"}
{"timestamp": "2026-02-05 09:43:09,410", "level": "INFO", "worker": "Ittipongs-Mac-mini.local-89990", "event": "GC: Deleting expired job job_old_123"}
{"timestamp": "2026-02-05 09:43:09,412", "level": "ERROR", "worker": "Ittipongs-Mac-mini.local-89990", "event": "Error in loop: type object 'JobsDB' has no attribute 'delete_job'"}
{"timestamp": "2026-02-05 09:46:33,278", "level": "INFO", "worker": "Ittipongs-Mac-mini.local-89990", "event": "GC: Deleting expired job job_old_123"}
{"timestamp": "2026-02-05 09:46:33,279", "level": "ERROR", "worker": "Ittipongs-Mac-mini.local-89990", "event": "Error in loop: type object 'JobsDB' has no attribute 'delete_job'"}
{"timestamp": "2026-02-05 09:49:57,221", "level": "INFO", "worker": "Ittipongs-Mac-mini.local-89990", "event": "GC: Deleting expired job job_old_123"}
{"timestamp": "2026-02-05 09:49:57,223", "level": "ERROR", "worker": "Ittipongs-Mac-mini.local-89990", "event": "Error in loop: type object 'JobsDB' has no attribute 'delete_job'"}
{"timestamp": "2026-02-05 09:53:21,173", "level": "INFO", "worker": "Ittipongs-Mac-mini.local-89990", "event": "GC: Deleting expired job job_old_123"}
{"timestamp": "2026-02-05 09:53:21,176", "level": "ERROR", "worker": "Ittipongs-Mac-mini.local-89990", "event": "Error in loop: type object 'JobsDB' has no attribute 'delete_job'"}
{"timestamp": "2026-02-05 09:56:45,053", "level": "INFO", "worker": "Ittipongs-Mac-mini.local-89990", "event": "GC: Deleting expired job job_old_123"}
{"timestamp": "2026-02-05 09:56:45,055", "level": "ERROR", "worker": "Ittipongs-Mac-mini.local-89990", "event": "Error in loop: type object 'JobsDB' has no attribute 'delete_job'"}
{"timestamp": "2026-02-05 10:00:08,940", "level": "INFO", "worker": "Ittipongs-Mac-mini.local-89990", "event": "GC: Deleting expired job job_old_123"}
{"timestamp": "2026-02-05 10:00:08,941", "level": "ERROR", "worker": "Ittipongs-Mac-mini.local-89990", "event": "Error in loop: type object 'JobsDB' has no attribute 'delete_job'"}
{"timestamp": "2026-02-05 10:03:32,866", "level": "INFO", "worker": "Ittipongs-Mac-mini.local-89990", "event": "GC: Deleting expired job job_old_123"}
{"timestamp": "2026-02-05 10:03:32,867", "level": "ERROR", "worker": "Ittipongs-Mac-mini.local-89990", "event": "Error in loop: type object 'JobsDB' has no attribute 'delete_job'"}
{"timestamp": "2026-02-05 10:06:56,733", "level": "INFO", "worker": "Ittipongs-Mac-mini.local-89990", "event": "GC: Deleting expired job job_old_123"}
{"timestamp": "2026-02-05 10:06:56,735", "level": "ERROR", "worker": "Ittipongs-Mac-mini.local-89990", "event": "Error in loop: type object 'JobsDB' has no attribute 'delete_job'"}
{"timestamp": "2026-02-05 10:10:20,580", "level": "INFO", "worker": "Ittipongs-Mac-mini.local-89990", "event": "GC: Deleting expired job job_old_123"}
{"timestamp": "2026-02-05 10:10:20,581", "level": "ERROR", "worker": "Ittipongs-Mac-mini.local-89990", "event": "Error in loop: type object 'JobsDB' has no attribute 'delete_job'"}
{"timestamp": "2026-02-05 10:13:44,466", "level": "INFO", "worker": "Ittipongs-Mac-mini.local-89990", "event": "GC: Deleting expired job job_old_123"}
{"timestamp": "2026-02-05 10:13:44,467", "level": "ERROR", "worker": "Ittipongs-Mac-mini.local-89990", "event": "Error in loop: type object 'JobsDB' has no attribute 'delete_job'"}
{"timestamp": "2026-02-05 10:17:08,314", "level": "INFO", "worker": "Ittipongs-Mac-mini.local-89990", "event": "GC: Deleting expired job job_old_123"}
{"timestamp": "2026-02-05 10:17:08,315", "level": "ERROR", "worker": "Ittipongs-Mac-mini.local-89990", "event": "Error in loop: type object 'JobsDB' has no attribute 'delete_job'"}
{"timestamp": "2026-02-05 10:20:32,225", "level": "INFO", "worker": "Ittipongs-Mac-mini.local-89990", "event": "GC: Deleting expired job job_old_123"}
{"timestamp": "2026-02-05 10:20:32,226", "level": "ERROR", "worker": "Ittipongs-Mac-mini.local-89990", "event": "Error in loop: type object 'JobsDB' has no attribute 'delete_job'"}
{"timestamp": "2026-02-05 10:23:56,111", "level": "INFO", "worker": "Ittipongs-Mac-mini.local-89990", "event": "GC: Deleting expired job job_old_123"}
{"timestamp": "2026-02-05 10:23:56,113", "level": "ERROR", "worker": "Ittipongs-Mac-mini.local-89990", "event": "Error in loop: type object 'JobsDB' has no attribute 'delete_job'"}
{"timestamp": "2026-02-05 10:27:20,021", "level": "INFO", "worker": "Ittipongs-Mac-mini.local-89990", "event": "GC: Deleting expired job job_old_123"}
{"timestamp": "2026-02-05 10:27:20,022", "level": "ERROR", "worker": "Ittipongs-Mac-mini.local-89990", "event": "Error in loop: type object 'JobsDB' has no attribute 'delete_job'"}
{"timestamp": "2026-02-05 10:30:43,900", "level": "INFO", "worker": "Ittipongs-Mac-mini.local-89990", "event": "GC: Deleting expired job job_old_123"}
{"timestamp": "2026-02-05 10:30:43,901", "level": "ERROR", "worker": "Ittipongs-Mac-mini.local-89990", "event": "Error in loop: type object 'JobsDB' has no attribute 'delete_job'"}
{"timestamp": "2026-02-05 10:34:07,808", "level": "INFO", "worker": "Ittipongs-Mac-mini.local-89990", "event": "GC: Deleting expired job job_old_123"}
{"timestamp": "2026-02-05 10:34:07,810", "level": "ERROR", "worker": "Ittipongs-Mac-mini.local-89990", "event": "Error in loop: type object 'JobsDB' has no attribute 'delete_job'"}
{"timestamp": "2026-02-05 10:37:31,691", "level": "INFO", "worker": "Ittipongs-Mac-mini.local-89990", "event": "GC: Deleting expired job job_old_123"}
{"timestamp": "2026-02-05 10:37:31,692", "level": "ERROR", "worker": "Ittipongs-Mac-mini.local-89990", "event": "Error in loop: type object 'JobsDB' has no attribute 'delete_job'"}
{"timestamp": "2026-02-05 10:40:55,619", "level": "INFO", "worker": "Ittipongs-Mac-mini.local-89990", "event": "GC: Deleting expired job job_old_123"}
{"timestamp": "2026-02-05 10:40:55,620", "level": "ERROR", "worker": "Ittipongs-Mac-mini.local-89990", "event": "Error in loop: type object 'JobsDB' has no attribute 'delete_job'"}
{"timestamp": "2026-02-05 10:44:19,490", "level": "INFO", "worker": "Ittipongs-Mac-mini.local-89990", "event": "GC: Deleting expired job job_old_123"}
{"timestamp": "2026-02-05 10:44:19,491", "level": "ERROR", "worker": "Ittipongs-Mac-mini.local-89990", "event": "Error in loop: type object 'JobsDB' has no attribute 'delete_job'"}
{"timestamp": "2026-02-05 10:47:43,394", "level": "INFO", "worker": "Ittipongs-Mac-mini.local-89990", "event": "GC: Deleting expired job job_old_123"}
{"timestamp": "2026-02-05 10:47:43,395", "level": "ERROR", "worker": "Ittipongs-Mac-mini.local-89990", "event": "Error in loop: type object 'JobsDB' has no attribute 'delete_job'"}
{"timestamp": "2026-02-05 10:51:07,301", "level": "INFO", "worker": "Ittipongs-Mac-mini.local-89990", "event": "GC: Deleting expired job job_old_123"}
{"timestamp": "2026-02-05 10:51:07,303", "level": "ERROR", "worker": "Ittipongs-Mac-mini.local-89990", "event": "Error in loop: type object 'JobsDB' has no attribute 'delete_job'"}
{"timestamp": "2026-02-05 10:54:31,212", "level": "INFO", "worker": "Ittipongs-Mac-mini.local-89990", "event": "GC: Deleting expired job job_old_123"}
{"timestamp": "2026-02-05 10:54:31,213", "level": "ERROR", "worker": "Ittipongs-Mac-mini.local-89990", "event": "Error in loop: type object 'JobsDB' has no attribute 'delete_job'"}
{"timestamp": "2026-02-05 10:57:55,097", "level": "INFO", "worker": "Ittipongs-Mac-mini.local-89990", "event": "GC: Deleting expired job job_old_123"}
{"timestamp": "2026-02-05 10:57:55,098", "level": "ERROR", "worker": "Ittipongs-Mac-mini.local-89990", "event": "Error in loop: type object 'JobsDB' has no attribute 'delete_job'"}
{"timestamp": "2026-02-05 11:01:18,974", "level": "INFO", "worker": "Ittipongs-Mac-mini.local-89990", "event": "GC: Deleting expired job job_old_123"}
{"timestamp": "2026-02-05 11:01:18,975", "level": "ERROR", "worker": "Ittipongs-Mac-mini.local-89990", "event": "Error in loop: type object 'JobsDB' has no attribute 'delete_job'"}
{"timestamp": "2026-02-05 11:04:42,881", "level": "INFO", "worker": "Ittipongs-Mac-mini.local-89990", "event": "GC: Deleting expired job job_old_123"}
{"timestamp": "2026-02-05 11:04:42,882", "level": "ERROR", "worker": "Ittipongs-Mac-mini.local-89990", "event": "Error in loop: type object 'JobsDB' has no attribute 'delete_job'"}
{"timestamp": "2026-02-05 11:08:06,710", "level": "INFO", "worker": "Ittipongs-Mac-mini.local-89990", "event": "GC: Deleting expired job job_old_123"}
{"timestamp": "2026-02-05 11:08:06,712", "level": "ERROR", "worker": "Ittipongs-Mac-mini.local-89990", "event": "Error in loop: type object 'JobsDB' has no attribute 'delete_job'"}
{"timestamp": "2026-02-05 11:11:30,553", "level": "INFO", "worker": "Ittipongs-Mac-mini.local-89990", "event": "GC: Deleting expired job job_old_123"}
{"timestamp": "2026-02-05 11:11:30,555", "level": "ERROR", "worker": "Ittipongs-Mac-mini.local-89990", "event": "Error in loop: type object 'JobsDB' has no attribute 'delete_job'"}
{"timestamp": "2026-02-05 11:14:54,434", "level": "INFO", "worker": "Ittipongs-Mac-mini.local-89990", "event": "GC: Deleting expired job job_old_123"}
{"timestamp": "2026-02-05 11:14:54,435", "level": "ERROR", "worker": "Ittipongs-Mac-mini.local-89990", "event": "Error in loop: type object 'JobsDB' has no attribute 'delete_job'"}
{"timestamp": "2026-02-05 11:18:18,297", "level": "INFO", "worker": "Ittipongs-Mac-mini.local-89990", "event": "GC: Deleting expired job job_old_123"}
{"timestamp": "2026-02-05 11:18:18,298", "level": "ERROR", "worker": "Ittipongs-Mac-mini.local-89990", "event": "Error in loop: type object 'JobsDB' has no attribute 'delete_job'"}
{"timestamp": "2026-02-05 11:21:42,135", "level": "INFO", "worker": "Ittipongs-Mac-mini.local-89990", "event": "GC: Deleting expired job job_old_123"}
{"timestamp": "2026-02-05 11:21:42,136", "level": "ERROR", "worker": "Ittipongs-Mac-mini.local-89990", "event": "Error in loop: type object 'JobsDB' has no attribute 'delete_job'"}
{"timestamp": "2026-02-05 11:25:06,062", "level": "INFO", "worker": "Ittipongs-Mac-mini.local-89990", "event": "GC: Deleting expired job job_old_123"}
{"timestamp": "2026-02-05 11:25:06,063", "level": "ERROR", "worker": "Ittipongs-Mac-mini.local-89990", "event": "Error in loop: type object 'JobsDB' has no attribute 'delete_job'"}
{"timestamp": "2026-02-05 11:28:29,993", "level": "INFO", "worker": "Ittipongs-Mac-mini.local-89990", "event": "GC: Deleting expired job job_old_123"}
{"timestamp": "2026-02-05 11:28:29,995", "level": "ERROR", "worker": "Ittipongs-Mac-mini.local-89990", "event": "Error in loop: type object 'JobsDB' has no attribute 'delete_job'"}
{"timestamp": "2026-02-05 11:31:53,922", "level": "INFO", "worker": "Ittipongs-Mac-mini.local-89990", "event": "GC: Deleting expired job job_old_123"}
{"timestamp": "2026-02-05 11:31:53,924", "level": "ERROR", "worker": "Ittipongs-Mac-mini.local-89990", "event": "Error in loop: type object 'JobsDB' has no attribute 'delete_job'"}
{"timestamp": "2026-02-05 11:35:17,779", "level": "INFO", "worker": "Ittipongs-Mac-mini.local-89990", "event": "GC: Deleting expired job job_old_123"}
{"timestamp": "2026-02-05 11:35:17,780", "level": "ERROR", "worker": "Ittipongs-Mac-mini.local-89990", "event": "Error in loop: type object 'JobsDB' has no attribute 'delete_job'"}
{"timestamp": "2026-02-05 11:38:42,423", "level": "INFO", "worker": "Ittipongs-Mac-mini.local-89990", "event": "GC: Deleting expired job job_old_123"}
{"timestamp": "2026-02-05 11:38:42,425", "level": "ERROR", "worker": "Ittipongs-Mac-mini.local-89990", "event": "Error in loop: type object 'JobsDB' has no attribute 'delete_job'"}
{"timestamp": "2026-02-05 11:42:06,309", "level": "INFO", "worker": "Ittipongs-Mac-mini.local-89990", "event": "GC: Deleting expired job job_old_123"}
{"timestamp": "2026-02-05 11:42:06,313", "level": "ERROR", "worker": "Ittipongs-Mac-mini.local-89990", "event": "Error in loop: type object 'JobsDB' has no attribute 'delete_job'"}
{"timestamp": "2026-02-05 11:45:30,314", "level": "INFO", "worker": "Ittipongs-Mac-mini.local-89990", "event": "GC: Deleting expired job job_old_123"}
{"timestamp": "2026-02-05 11:45:30,316", "level": "ERROR", "worker": "Ittipongs-Mac-mini.local-89990", "event": "Error in loop: type object 'JobsDB' has no attribute 'delete_job'"}
{"timestamp": "2026-02-05 11:48:54,260", "level": "INFO", "worker": "Ittipongs-Mac-mini.local-89990", "event": "GC: Deleting expired job job_old_123"}
{"timestamp": "2026-02-05 11:48:54,262", "level": "ERROR", "worker": "Ittipongs-Mac-mini.local-89990", "event": "Error in loop: type object 'JobsDB' has no attribute 'delete_job'"}
{"timestamp": "2026-02-05 11:52:18,229", "level": "INFO", "worker": "Ittipongs-Mac-mini.local-89990", "event": "GC: Deleting expired job job_old_123"}
{"timestamp": "2026-02-05 11:52:18,230", "level": "ERROR", "worker": "Ittipongs-Mac-mini.local-89990", "event": "Error in loop: type object 'JobsDB' has no attribute 'delete_job'"}
{"timestamp": "2026-02-05 11:55:42,129", "level": "INFO", "worker": "Ittipongs-Mac-mini.local-89990", "event": "GC: Deleting expired job job_old_123"}
{"timestamp": "2026-02-05 11:55:42,130", "level": "ERROR", "worker": "Ittipongs-Mac-mini.local-89990", "event": "Error in loop: type object 'JobsDB' has no attribute 'delete_job'"}
{"timestamp": "2026-02-05 11:59:06,113", "level": "INFO", "worker": "Ittipongs-Mac-mini.local-89990", "event": "GC: Deleting expired job job_old_123"}
{"timestamp": "2026-02-05 11:59:06,114", "level": "ERROR", "worker": "Ittipongs-Mac-mini.local-89990", "event": "Error in loop: type object 'JobsDB' has no attribute 'delete_job'"}
{"timestamp": "2026-02-05 12:02:30,053", "level": "INFO", "worker": "Ittipongs-Mac-mini.local-89990", "event": "GC: Deleting expired job job_old_123"}
{"timestamp": "2026-02-05 12:02:30,055", "level": "ERROR", "worker": "Ittipongs-Mac-mini.local-89990", "event": "Error in loop: type object 'JobsDB' has no attribute 'delete_job'"}
{"timestamp": "2026-02-05 12:05:54,034", "level": "INFO", "worker": "Ittipongs-Mac-mini.local-89990", "event": "GC: Deleting expired job job_old_123"}
{"timestamp": "2026-02-05 12:05:54,037", "level": "ERROR", "worker": "Ittipongs-Mac-mini.local-89990", "event": "Error in loop: type object 'JobsDB' has no attribute 'delete_job'"}
{"timestamp": "2026-02-05 12:09:17,918", "level": "INFO", "worker": "Ittipongs-Mac-mini.local-89990", "event": "GC: Deleting expired job job_old_123"}
{"timestamp": "2026-02-05 12:09:17,920", "level": "ERROR", "worker": "Ittipongs-Mac-mini.local-89990", "event": "Error in loop: type object 'JobsDB' has no attribute 'delete_job'"}
{"timestamp": "2026-02-05 12:12:41,826", "level": "INFO", "worker": "Ittipongs-Mac-mini.local-89990", "event": "GC: Deleting expired job job_old_123"}
{"timestamp": "2026-02-05 12:12:41,827", "level": "ERROR", "worker": "Ittipongs-Mac-mini.local-89990", "event": "Error in loop: type object 'JobsDB' has no attribute 'delete_job'"}
{"timestamp": "2026-02-05 12:16:05,736", "level": "INFO", "worker": "Ittipongs-Mac-mini.local-89990", "event": "GC: Deleting expired job job_old_123"}
{"timestamp": "2026-02-05 12:16:05,737", "level": "ERROR", "worker": "Ittipongs-Mac-mini.local-89990", "event": "Error in loop: type object 'JobsDB' has no attribute 'delete_job'"}
{"timestamp": "2026-02-05 12:19:29,678", "level": "INFO", "worker": "Ittipongs-Mac-mini.local-89990", "event": "GC: Deleting expired job job_old_123"}
{"timestamp": "2026-02-05 12:19:29,680", "level": "ERROR", "worker": "Ittipongs-Mac-mini.local-89990", "event": "Error in loop: type object 'JobsDB' has no attribute 'delete_job'"}
{"timestamp": "2026-02-05 12:22:53,553", "level": "INFO", "worker": "Ittipongs-Mac-mini.local-89990", "event": "GC: Deleting expired job job_old_123"}
{"timestamp": "2026-02-05 12:22:53,557", "level": "ERROR", "worker": "Ittipongs-Mac-mini.local-89990", "event": "Error in loop: type object 'JobsDB' has no attribute 'delete_job'"}
{"timestamp": "2026-02-05 12:26:17,191", "level": "INFO", "worker": "Ittipongs-Mac-mini.local-89990", "event": "GC: Deleting expired job job_old_123"}
{"timestamp": "2026-02-05 12:26:17,195", "level": "ERROR", "worker": "Ittipongs-Mac-mini.local-89990", "event": "Error in loop: type object 'JobsDB' has no attribute 'delete_job'"}
{"timestamp": "2026-02-05 12:29:40,789", "level": "INFO", "worker": "Ittipongs-Mac-mini.local-89990", "event": "GC: Deleting expired job job_old_123"}
{"timestamp": "2026-02-05 12:29:40,792", "level": "ERROR", "worker": "Ittipongs-Mac-mini.local-89990", "event": "Error in loop: type object 'JobsDB' has no attribute 'delete_job'"}
{"timestamp": "2026-02-05 12:33:04,312", "level": "INFO", "worker": "Ittipongs-Mac-mini.local-89990", "event": "GC: Deleting expired job job_old_123"}
{"timestamp": "2026-02-05 12:33:04,315", "level": "ERROR", "worker": "Ittipongs-Mac-mini.local-89990", "event": "Error in loop: type object 'JobsDB' has no attribute 'delete_job'"}
{"timestamp": "2026-02-05 12:36:27,852", "level": "INFO", "worker": "Ittipongs-Mac-mini.local-89990", "event": "GC: Deleting expired job job_old_123"}
{"timestamp": "2026-02-05 12:36:27,853", "level": "ERROR", "worker": "Ittipongs-Mac-mini.local-89990", "event": "Error in loop: type object 'JobsDB' has no attribute 'delete_job'"}
{"timestamp": "2026-02-05 12:39:51,403", "level": "INFO", "worker": "Ittipongs-Mac-mini.local-89990", "event": "GC: Deleting expired job job_old_123"}
{"timestamp": "2026-02-05 12:39:51,405", "level": "ERROR", "worker": "Ittipongs-Mac-mini.local-89990", "event": "Error in loop: type object 'JobsDB' has no attribute 'delete_job'"}
{"timestamp": "2026-02-05 12:40:32,494", "level": "INFO", "worker": "Ittipongs-Mac-mini.local-89990", "event": "Picked up job job_8cf70dd5757a"}
{"timestamp": "2026-02-05 12:40:32,646", "level": "INFO", "worker": "Ittipongs-Mac-mini.local-89990", "event": "Job job_8cf70dd5757a SUCCEEDED"}
{"timestamp": "2026-02-05 12:40:50,680", "level": "INFO", "worker": "Ittipongs-Mac-mini.local-89990", "event": "Picked up job job_dc36b664d530"}
{"timestamp": "2026-02-05 12:40:50,762", "level": "INFO", "worker": "Ittipongs-Mac-mini.local-89990", "event": "Job job_dc36b664d530 SUCCEEDED"}
{"timestamp": "2026-02-05 12:43:11,153", "level": "INFO", "worker": "Ittipongs-Mac-mini.local-89990", "event": "GC: Deleting expired job job_old_123"}
{"timestamp": "2026-02-05 12:43:11,155", "level": "ERROR", "worker": "Ittipongs-Mac-mini.local-89990", "event": "Error in loop: type object 'JobsDB' has no attribute 'delete_job'"}
{"timestamp": "2026-02-05 12:45:36,514", "level": "INFO", "worker": "Ittipongs-Mac-mini.local-89990", "event": "Picked up job job_8468b60ffa39"}
{"timestamp": "2026-02-05 12:45:36,593", "level": "INFO", "worker": "Ittipongs-Mac-mini.local-89990", "event": "Job job_8468b60ffa39 SUCCEEDED"}
{"timestamp": "2026-02-05 12:46:32,748", "level": "INFO", "worker": "Ittipongs-Mac-mini.local-89990", "event": "GC: Deleting expired job job_old_123"}
{"timestamp": "2026-02-05 12:46:32,749", "level": "ERROR", "worker": "Ittipongs-Mac-mini.local-89990", "event": "Error in loop: type object 'JobsDB' has no attribute 'delete_job'"}
{"timestamp": "2026-02-05 12:49:56,295", "level": "INFO", "worker": "Ittipongs-Mac-mini.local-89990", "event": "GC: Deleting expired job job_old_123"}
{"timestamp": "2026-02-05 12:49:56,297", "level": "ERROR", "worker": "Ittipongs-Mac-mini.local-89990", "event": "Error in loop: type object 'JobsDB' has no attribute 'delete_job'"}
{"timestamp": "2026-02-05 12:53:19,848", "level": "INFO", "worker": "Ittipongs-Mac-mini.local-89990", "event": "GC: Deleting expired job job_old_123"}
{"timestamp": "2026-02-05 12:53:19,849", "level": "ERROR", "worker": "Ittipongs-Mac-mini.local-89990", "event": "Error in loop: type object 'JobsDB' has no attribute 'delete_job'"}
{"timestamp": "2026-02-05 12:56:43,594", "level": "INFO", "worker": "Ittipongs-Mac-mini.local-89990", "event": "GC: Deleting expired job job_old_123"}
{"timestamp": "2026-02-05 12:56:43,595", "level": "ERROR", "worker": "Ittipongs-Mac-mini.local-89990", "event": "Error in loop: type object 'JobsDB' has no attribute 'delete_job'"}
{"timestamp": "2026-02-05 12:58:20,848", "level": "INFO", "worker": "Ittipongs-Mac-mini.local-89990", "event": "Picked up job job_2d1a8c825f3a"}
{"timestamp": "2026-02-05 12:58:20,952", "level": "INFO", "worker": "Ittipongs-Mac-mini.local-89990", "event": "Job job_2d1a8c825f3a SUCCEEDED"}
{"timestamp": "2026-02-05 12:58:22,960", "level": "INFO", "worker": "Ittipongs-Mac-mini.local-89990", "event": "Picked up job job_03dc583fbf7c"}
{"timestamp": "2026-02-05 12:58:23,037", "level": "INFO", "worker": "Ittipongs-Mac-mini.local-89990", "event": "Job job_03dc583fbf7c SUCCEEDED"}
{"timestamp": "2026-02-05 13:00:03,292", "level": "INFO", "worker": "Ittipongs-Mac-mini.local-89990", "event": "GC: Deleting expired job job_old_123"}
{"timestamp": "2026-02-05 13:00:03,294", "level": "ERROR", "worker": "Ittipongs-Mac-mini.local-89990", "event": "Error in loop: type object 'JobsDB' has no attribute 'delete_job'"}
{"timestamp": "2026-02-05 13:03:26,839", "level": "INFO", "worker": "Ittipongs-Mac-mini.local-89990", "event": "GC: Deleting expired job job_old_123"}
{"timestamp": "2026-02-05 13:03:26,842", "level": "ERROR", "worker": "Ittipongs-Mac-mini.local-89990", "event": "Error in loop: type object 'JobsDB' has no attribute 'delete_job'"}
{"timestamp": "2026-02-05 13:06:50,434", "level": "INFO", "worker": "Ittipongs-Mac-mini.local-89990", "event": "GC: Deleting expired job job_old_123"}
{"timestamp": "2026-02-05 13:06:50,435", "level": "ERROR", "worker": "Ittipongs-Mac-mini.local-89990", "event": "Error in loop: type object 'JobsDB' has no attribute 'delete_job'"}
{"timestamp": "2026-02-05 13:10:14,365", "level": "INFO", "worker": "Ittipongs-Mac-mini.local-89990", "event": "GC: Deleting expired job job_old_123"}
{"timestamp": "2026-02-05 13:10:14,369", "level": "ERROR", "worker": "Ittipongs-Mac-mini.local-89990", "event": "Error in loop: type object 'JobsDB' has no attribute 'delete_job'"}
{"timestamp": "2026-02-05 13:13:38,288", "level": "INFO", "worker": "Ittipongs-Mac-mini.local-89990", "event": "GC: Deleting expired job job_old_123"}
{"timestamp": "2026-02-05 13:13:38,288", "level": "ERROR", "worker": "Ittipongs-Mac-mini.local-89990", "event": "Error in loop: type object 'JobsDB' has no attribute 'delete_job'"}
{"timestamp": "2026-02-05 13:17:02,233", "level": "INFO", "worker": "Ittipongs-Mac-mini.local-89990", "event": "GC: Deleting expired job job_old_123"}
{"timestamp": "2026-02-05 13:17:02,235", "level": "ERROR", "worker": "Ittipongs-Mac-mini.local-89990", "event": "Error in loop: type object 'JobsDB' has no attribute 'delete_job'"}
{"timestamp": "2026-02-05 13:20:26,122", "level": "INFO", "worker": "Ittipongs-Mac-mini.local-89990", "event": "GC: Deleting expired job job_old_123"}
{"timestamp": "2026-02-05 13:20:26,124", "level": "ERROR", "worker": "Ittipongs-Mac-mini.local-89990", "event": "Error in loop: type object 'JobsDB' has no attribute 'delete_job'"}
{"timestamp": "2026-02-05 13:23:49,994", "level": "INFO", "worker": "Ittipongs-Mac-mini.local-89990", "event": "GC: Deleting expired job job_old_123"}
{"timestamp": "2026-02-05 13:23:49,995", "level": "ERROR", "worker": "Ittipongs-Mac-mini.local-89990", "event": "Error in loop: type object 'JobsDB' has no attribute 'delete_job'"}
{"timestamp": "2026-02-05 13:27:13,661", "level": "INFO", "worker": "Ittipongs-Mac-mini.local-89990", "event": "GC: Deleting expired job job_old_123"}
{"timestamp": "2026-02-05 13:27:13,663", "level": "ERROR", "worker": "Ittipongs-Mac-mini.local-89990", "event": "Error in loop: type object 'JobsDB' has no attribute 'delete_job'"}
{"timestamp": "2026-02-05 13:30:37,231", "level": "INFO", "worker": "Ittipongs-Mac-mini.local-89990", "event": "GC: Deleting expired job job_old_123"}
{"timestamp": "2026-02-05 13:30:37,232", "level": "ERROR", "worker": "Ittipongs-Mac-mini.local-89990", "event": "Error in loop: type object 'JobsDB' has no attribute 'delete_job'"}
{"timestamp": "2026-02-05 13:34:00,864", "level": "INFO", "worker": "Ittipongs-Mac-mini.local-89990", "event": "GC: Deleting expired job job_old_123"}
{"timestamp": "2026-02-05 13:34:00,865", "level": "ERROR", "worker": "Ittipongs-Mac-mini.local-89990", "event": "Error in loop: type object 'JobsDB' has no attribute 'delete_job'"}
{"timestamp": "2026-02-05 13:37:24,408", "level": "INFO", "worker": "Ittipongs-Mac-mini.local-89990", "event": "GC: Deleting expired job job_old_123"}
{"timestamp": "2026-02-05 13:37:24,409", "level": "ERROR", "worker": "Ittipongs-Mac-mini.local-89990", "event": "Error in loop: type object 'JobsDB' has no attribute 'delete_job'"}
{"timestamp": "2026-02-05 13:40:47,978", "level": "INFO", "worker": "Ittipongs-Mac-mini.local-89990", "event": "GC: Deleting expired job job_old_123"}
{"timestamp": "2026-02-05 13:40:47,980", "level": "ERROR", "worker": "Ittipongs-Mac-mini.local-89990", "event": "Error in loop: type object 'JobsDB' has no attribute 'delete_job'"}
{"timestamp": "2026-02-05 13:44:11,556", "level": "INFO", "worker": "Ittipongs-Mac-mini.local-89990", "event": "GC: Deleting expired job job_old_123"}
{"timestamp": "2026-02-05 13:44:11,557", "level": "ERROR", "worker": "Ittipongs-Mac-mini.local-89990", "event": "Error in loop: type object 'JobsDB' has no attribute 'delete_job'"}
{"timestamp": "2026-02-05 13:47:35,113", "level": "INFO", "worker": "Ittipongs-Mac-mini.local-89990", "event": "GC: Deleting expired job job_old_123"}
{"timestamp": "2026-02-05 13:47:35,115", "level": "ERROR", "worker": "Ittipongs-Mac-mini.local-89990", "event": "Error in loop: type object 'JobsDB' has no attribute 'delete_job'"}
{"timestamp": "2026-02-05 13:50:58,660", "level": "INFO", "worker": "Ittipongs-Mac-mini.local-89990", "event": "GC: Deleting expired job job_old_123"}
{"timestamp": "2026-02-05 13:50:58,662", "level": "ERROR", "worker": "Ittipongs-Mac-mini.local-89990", "event": "Error in loop: type object 'JobsDB' has no attribute 'delete_job'"}
{"timestamp": "2026-02-05 13:54:22,210", "level": "INFO", "worker": "Ittipongs-Mac-mini.local-89990", "event": "GC: Deleting expired job job_old_123"}
{"timestamp": "2026-02-05 13:54:22,214", "level": "ERROR", "worker": "Ittipongs-Mac-mini.local-89990", "event": "Error in loop: type object 'JobsDB' has no attribute 'delete_job'"}
{"timestamp": "2026-02-05 13:57:46,052", "level": "INFO", "worker": "Ittipongs-Mac-mini.local-89990", "event": "GC: Deleting expired job job_old_123"}
{"timestamp": "2026-02-05 13:57:46,054", "level": "ERROR", "worker": "Ittipongs-Mac-mini.local-89990", "event": "Error in loop: type object 'JobsDB' has no attribute 'delete_job'"}
{"timestamp": "2026-02-05 14:01:09,601", "level": "INFO", "worker": "Ittipongs-Mac-mini.local-89990", "event": "GC: Deleting expired job job_old_123"}
{"timestamp": "2026-02-05 14:01:09,602", "level": "ERROR", "worker": "Ittipongs-Mac-mini.local-89990", "event": "Error in loop: type object 'JobsDB' has no attribute 'delete_job'"}
{"timestamp": "2026-02-05 14:04:33,286", "level": "INFO", "worker": "Ittipongs-Mac-mini.local-89990", "event": "GC: Deleting expired job job_old_123"}
{"timestamp": "2026-02-05 14:04:33,287", "level": "ERROR", "worker": "Ittipongs-Mac-mini.local-89990", "event": "Error in loop: type object 'JobsDB' has no attribute 'delete_job'"}
{"timestamp": "2026-02-05 14:07:57,188", "level": "INFO", "worker": "Ittipongs-Mac-mini.local-89990", "event": "GC: Deleting expired job job_old_123"}
{"timestamp": "2026-02-05 14:07:57,190", "level": "ERROR", "worker": "Ittipongs-Mac-mini.local-89990", "event": "Error in loop: type object 'JobsDB' has no attribute 'delete_job'"}
{"timestamp": "2026-02-05 14:11:20,953", "level": "INFO", "worker": "Ittipongs-Mac-mini.local-89990", "event": "GC: Deleting expired job job_old_123"}
{"timestamp": "2026-02-05 14:11:20,956", "level": "ERROR", "worker": "Ittipongs-Mac-mini.local-89990", "event": "Error in loop: type object 'JobsDB' has no attribute 'delete_job'"}
{"timestamp": "2026-02-05 14:14:44,743", "level": "INFO", "worker": "Ittipongs-Mac-mini.local-89990", "event": "GC: Deleting expired job job_old_123"}
{"timestamp": "2026-02-05 14:14:44,747", "level": "ERROR", "worker": "Ittipongs-Mac-mini.local-89990", "event": "Error in loop: type object 'JobsDB' has no attribute 'delete_job'"}
{"timestamp": "2026-02-05 14:18:08,304", "level": "INFO", "worker": "Ittipongs-Mac-mini.local-89990", "event": "GC: Deleting expired job job_old_123"}
{"timestamp": "2026-02-05 14:18:08,306", "level": "ERROR", "worker": "Ittipongs-Mac-mini.local-89990", "event": "Error in loop: type object 'JobsDB' has no attribute 'delete_job'"}
{"timestamp": "2026-02-05 14:21:31,822", "level": "INFO", "worker": "Ittipongs-Mac-mini.local-89990", "event": "GC: Deleting expired job job_old_123"}
{"timestamp": "2026-02-05 14:21:31,824", "level": "ERROR", "worker": "Ittipongs-Mac-mini.local-89990", "event": "Error in loop: type object 'JobsDB' has no attribute 'delete_job'"}
{"timestamp": "2026-02-05 14:24:55,382", "level": "INFO", "worker": "Ittipongs-Mac-mini.local-89990", "event": "GC: Deleting expired job job_old_123"}
{"timestamp": "2026-02-05 14:24:55,385", "level": "ERROR", "worker": "Ittipongs-Mac-mini.local-89990", "event": "Error in loop: type object 'JobsDB' has no attribute 'delete_job'"}
{"timestamp": "2026-02-05 14:28:18,902", "level": "INFO", "worker": "Ittipongs-Mac-mini.local-89990", "event": "GC: Deleting expired job job_old_123"}
{"timestamp": "2026-02-05 14:28:18,906", "level": "ERROR", "worker": "Ittipongs-Mac-mini.local-89990", "event": "Error in loop: type object 'JobsDB' has no attribute 'delete_job'"}
{"timestamp": "2026-02-05 14:31:42,464", "level": "INFO", "worker": "Ittipongs-Mac-mini.local-89990", "event": "GC: Deleting expired job job_old_123"}
{"timestamp": "2026-02-05 14:31:42,466", "level": "ERROR", "worker": "Ittipongs-Mac-mini.local-89990", "event": "Error in loop: type object 'JobsDB' has no attribute 'delete_job'"}
{"timestamp": "2026-02-05 14:35:06,021", "level": "INFO", "worker": "Ittipongs-Mac-mini.local-89990", "event": "GC: Deleting expired job job_old_123"}
{"timestamp": "2026-02-05 14:35:06,023", "level": "ERROR", "worker": "Ittipongs-Mac-mini.local-89990", "event": "Error in loop: type object 'JobsDB' has no attribute 'delete_job'"}
{"timestamp": "2026-02-05 14:38:30,955", "level": "INFO", "worker": "Ittipongs-Mac-mini.local-89990", "event": "GC: Deleting expired job job_old_123"}
{"timestamp": "2026-02-05 14:38:30,958", "level": "ERROR", "worker": "Ittipongs-Mac-mini.local-89990", "event": "Error in loop: type object 'JobsDB' has no attribute 'delete_job'"}
{"timestamp": "2026-02-05 14:41:54,532", "level": "INFO", "worker": "Ittipongs-Mac-mini.local-89990", "event": "GC: Deleting expired job job_old_123"}
{"timestamp": "2026-02-05 14:41:54,535", "level": "ERROR", "worker": "Ittipongs-Mac-mini.local-89990", "event": "Error in loop: type object 'JobsDB' has no attribute 'delete_job'"}
{"timestamp": "2026-02-05 14:45:18,394", "level": "INFO", "worker": "Ittipongs-Mac-mini.local-89990", "event": "GC: Deleting expired job job_old_123"}
{"timestamp": "2026-02-05 14:45:18,396", "level": "ERROR", "worker": "Ittipongs-Mac-mini.local-89990", "event": "Error in loop: type object 'JobsDB' has no attribute 'delete_job'"}
{"timestamp": "2026-02-05 14:48:43,947", "level": "INFO", "worker": "Ittipongs-Mac-mini.local-89990", "event": "GC: Deleting expired job job_old_123"}
{"timestamp": "2026-02-05 14:48:43,949", "level": "ERROR", "worker": "Ittipongs-Mac-mini.local-89990", "event": "Error in loop: type object 'JobsDB' has no attribute 'delete_job'"}
{"timestamp": "2026-02-05 14:52:09,847", "level": "INFO", "worker": "Ittipongs-Mac-mini.local-89990", "event": "GC: Deleting expired job job_old_123"}
{"timestamp": "2026-02-05 14:52:09,849", "level": "ERROR", "worker": "Ittipongs-Mac-mini.local-89990", "event": "Error in loop: type object 'JobsDB' has no attribute 'delete_job'"}
